<?xml version="1.0" encoding="UTF-8"?>
<testsuite name="ListADTTest" tests="1" skipped="0" failures="0" errors="0" timestamp="2024-06-09T17:45:45" hostname="CAOT-ChengwenQu-M" time="0.024">
  <properties/>
  <testcase name="testStringList()" classname="ListADTTest" time="0.024"/>
  <system-out><![CDATA[]]></system-out>
  <system-err><![CDATA[]]></system-err>
</testsuite>
