<?xml version="1.0" encoding="UTF-8"?>
<testsuite name="testSynchronization" tests="1" skipped="0" failures="0" errors="0" timestamp="2024-01-15T18:49:20" hostname="CAOT-ChengwenQu-M" time="1.023">
  <properties/>
  <testcase name="givenMultiThread_whenNonSyncMethod()" classname="testSynchronization" time="1.023"/>
  <system-out><![CDATA[]]></system-out>
  <system-err><![CDATA[]]></system-err>
</testsuite>
