<?xml version="1.0" encoding="UTF-8"?>
<testsuite name="InstrumentedIntSetCompositionTest" tests="1" skipped="0" failures="0" errors="0" timestamp="2024-01-08T20:23:56" hostname="CAOT-ChengwenQu-M" time="0.024">
  <properties/>
  <testcase name="testAdd()" classname="InstrumentedIntSetCompositionTest" time="0.024"/>
  <system-out><![CDATA[]]></system-out>
  <system-err><![CDATA[]]></system-err>
</testsuite>
