<?xml version="1.0" encoding="UTF-8"?>
<testsuite name="ArrayMapTest" tests="1" skipped="0" failures="0" errors="0" timestamp="2024-05-05T18:24:15" hostname="CAOT-ChengwenQu-M" time="0.023">
  <properties/>
  <testcase name="test()" classname="ArrayMapTest" time="0.023"/>
  <system-out><![CDATA[]]></system-out>
  <system-err><![CDATA[]]></system-err>
</testsuite>
