<?xml version="1.0" encoding="UTF-8"?>
<testsuite name="IListOfBooksTest" tests="1" skipped="0" failures="0" errors="0" timestamp="2024-06-10T00:39:41" hostname="CAOT-ChengwenQu-M" time="13.093">
  <properties/>
  <testcase name="testCounts()" classname="IListOfBooksTest" time="13.093"/>
  <system-out><![CDATA[]]></system-out>
  <system-err><![CDATA[]]></system-err>
</testsuite>
